0 info it worked if it ends with ok
1 verbose cli [ 'c:\\Program Files\\nodejs\\node.exe',
1 verbose cli   'c:\\Program Files\\nodejs\\node_modules\\npm\\bin\\npm-cli.js',
1 verbose cli   'install',
1 verbose cli   'contrib-concat' ]
2 info using npm@1.4.28
3 info using node@v0.10.35
4 verbose readDependencies using package.json deps
5 verbose cache add [ 'contrib-concat', null ]
6 verbose cache add name=undefined spec="contrib-concat" args=["contrib-concat",null]
7 verbose parsed url { protocol: null,
7 verbose parsed url   slashes: null,
7 verbose parsed url   auth: null,
7 verbose parsed url   host: null,
7 verbose parsed url   port: null,
7 verbose parsed url   hostname: null,
7 verbose parsed url   hash: null,
7 verbose parsed url   search: null,
7 verbose parsed url   query: null,
7 verbose parsed url   pathname: 'contrib-concat',
7 verbose parsed url   path: 'contrib-concat',
7 verbose parsed url   href: 'contrib-concat' }
8 silly lockFile 6d4a7411-contrib-concat contrib-concat
9 verbose lock contrib-concat C:\Users\Administrator\AppData\Roaming\npm-cache\6d4a7411-contrib-concat.lock
10 silly lockFile 6d4a7411-contrib-concat contrib-concat
11 silly lockFile 6d4a7411-contrib-concat contrib-concat
12 verbose addNamed [ 'contrib-concat', '' ]
13 verbose addNamed [ null, '*' ]
14 silly lockFile 5db7dfb5-contrib-concat contrib-concat@
15 verbose lock contrib-concat@ C:\Users\Administrator\AppData\Roaming\npm-cache\5db7dfb5-contrib-concat.lock
16 silly addNameRange { name: 'contrib-concat', range: '*', hasData: false }
17 verbose request where is /contrib-concat
18 verbose request registry https://registry.npmjs.org/
19 verbose request id 1cad75a8b7bc712a
20 verbose url raw /contrib-concat
21 verbose url resolving [ 'https://registry.npmjs.org/', './contrib-concat' ]
22 verbose url resolved https://registry.npmjs.org/contrib-concat
23 verbose request where is https://registry.npmjs.org/contrib-concat
24 info trying registry request attempt 1 at 16:03:20
25 http GET https://registry.npmjs.org/contrib-concat
26 http 404 https://registry.npmjs.org/contrib-concat
27 verbose headers { date: 'Mon, 23 Feb 2015 07:03:22 GMT',
27 verbose headers   server: 'CouchDB/1.5.0 (Erlang OTP/R16B03)',
27 verbose headers   'content-type': 'application/json',
27 verbose headers   'cache-control': 'max-age=0',
27 verbose headers   'content-length': '52',
27 verbose headers   'accept-ranges': 'bytes',
27 verbose headers   via: '1.1 varnish',
27 verbose headers   age: '0',
27 verbose headers   'x-served-by': 'cache-hk92-HKG',
27 verbose headers   'x-cache': 'MISS',
27 verbose headers   'x-cache-hits': '0',
27 verbose headers   'x-timer': 'S1424675001.462654,VS0,VE689',
27 verbose headers   'keep-alive': 'timeout=10, max=50',
27 verbose headers   connection: 'Keep-Alive' }
28 silly registry.get cb [ 404,
28 silly registry.get   { date: 'Mon, 23 Feb 2015 07:03:22 GMT',
28 silly registry.get     server: 'CouchDB/1.5.0 (Erlang OTP/R16B03)',
28 silly registry.get     'content-type': 'application/json',
28 silly registry.get     'cache-control': 'max-age=0',
28 silly registry.get     'content-length': '52',
28 silly registry.get     'accept-ranges': 'bytes',
28 silly registry.get     via: '1.1 varnish',
28 silly registry.get     age: '0',
28 silly registry.get     'x-served-by': 'cache-hk92-HKG',
28 silly registry.get     'x-cache': 'MISS',
28 silly registry.get     'x-cache-hits': '0',
28 silly registry.get     'x-timer': 'S1424675001.462654,VS0,VE689',
28 silly registry.get     'keep-alive': 'timeout=10, max=50',
28 silly registry.get     connection: 'Keep-Alive' } ]
29 silly lockFile 5db7dfb5-contrib-concat contrib-concat@
30 silly lockFile 5db7dfb5-contrib-concat contrib-concat@
31 error 404 404 Not Found: contrib-concat
31 error 404
31 error 404 'contrib-concat' is not in the npm registry.
31 error 404 You should bug the author to publish it
31 error 404 It was specified as a dependency of 'SnapSeed.Canvas'
31 error 404
31 error 404 Note that you can also install from a
31 error 404 tarball, folder, or http url, or git url.
32 error System Windows_NT 6.1.7601
33 error command "c:\\Program Files\\nodejs\\node.exe" "c:\\Program Files\\nodejs\\node_modules\\npm\\bin\\npm-cli.js" "install" "contrib-concat"
34 error cwd d:\100.works\01. com.nts.study\a2.snapseed
35 error node -v v0.10.35
36 error npm -v 1.4.28
37 error code E404
38 verbose exit [ 1, true ]
